<?xml version="1.0" encoding="UTF-8"?>
<!-- Generated by org.testng.reporters.JUnitXMLReporter -->
<testsuite hostname="P2B-69WFNK2" ignored="0" name="Test" tests="2" failures="1" timestamp="09 Sep 2018 07:27:02 GMT" time="0.312" errors="0">
  <testcase name="fail" time="0.013" classname="com.accenture.tests.MyListenerTest">
    <failure type="java.lang.AssertionError" message="expected [false] but found [true]">
      <![CDATA[java.lang.AssertionError: expected [false] but found [true]
	at com.accenture.tests.MyListenerTest.fail(MyListenerTest.java:15)
... Removed 31 stack frames]]>
    </failure>
  </testcase> <!-- fail -->
  <testcase name="pass" time="0.006" classname="com.accenture.tests.MyListenerTest"/>
</testsuite> <!-- Test -->
